<?xml version="1.0" encoding="UTF-8"?>
<testng-results ignored="0" total="1" passed="1" failed="0" skipped="0">
  <reporter-output>
  </reporter-output>
  <suite started-at="2022-10-13T16:46:23Z" name="Surefire suite" finished-at="2022-10-13T16:46:50Z" duration-ms="27243">
    <groups>
    </groups>
    <test started-at="2022-10-13T16:46:23Z" name="Surefire test" finished-at="2022-10-13T16:46:50Z" duration-ms="27243">
      <class name="UploadFileTest">
        <test-method is-config="true" signature="initializeDriver()[pri:0, instance:UploadFileTest@70e38ce1]" started-at="2022-10-13T16:46:23Z" name="initializeDriver" finished-at="2022-10-13T16:46:41Z" duration-ms="17819" status="PASS">
          <reporter-output>
          </reporter-output>
        </test-method> <!-- initializeDriver -->
        <test-method signature="uploadFileTest()[pri:0, instance:UploadFileTest@70e38ce1]" started-at="2022-10-13T16:46:41Z" name="uploadFileTest" finished-at="2022-10-13T16:46:50Z" duration-ms="9391" status="PASS">
          <reporter-output>
          </reporter-output>
        </test-method> <!-- uploadFileTest -->
        <test-method is-config="true" signature="quitDrivers()[pri:0, instance:UploadFileTest@70e38ce1]" started-at="2022-10-13T16:46:50Z" name="quitDrivers" finished-at="2022-10-13T16:46:50Z" duration-ms="0" status="PASS">
          <reporter-output>
          </reporter-output>
        </test-method> <!-- quitDrivers -->
      </class> <!-- UploadFileTest -->
    </test> <!-- Surefire test -->
  </suite> <!-- Surefire suite -->
</testng-results>
